<?xml version="1.0" encoding="UTF-8"?>
<!-- Generated by org.testng.reporters.JUnitReportReporter -->
<testsuite skipped="0" hostname="Dhillon-PC" name="testcases.LoginTest" tests="1" failures="0" timestamp="13 Apr 2018 04:12:48 GMT" time="15.298" errors="0">
  <testcase name="LoginTest" time="15.298" classname="testcases.LoginTest"/>
</testsuite> <!-- testcases.LoginTest -->
