<?xml version="1.0" encoding="UTF-8"?>
<!-- Generated by org.testng.reporters.JUnitReportReporter -->
<testsuite skipped="0" hostname="xen-482" name="testcases.LoginTest" tests="1" failures="0" timestamp="12 Apr 2018 07:03:14 GMT" time="16.712" errors="0">
  <testcase name="LoginTest" time="16.712" classname="testcases.LoginTest"/>
</testsuite> <!-- testcases.LoginTest -->
